<?xml version="1.0" encoding="UTF-8"?>
<!-- Generated by org.testng.reporters.JUnitReportReporter -->
<testsuite hostname="DESKTOP-UM7UJ0V" failures="0" tests="1" name="MyFirstClass1" time="1.454" errors="0" timestamp="2023-01-25T16:36:13 EET" skipped="0">
  <testcase classname="MyFirstClass1" name="colorPicker" time="1.454"/>
  <system-out/>
</testsuite> <!-- MyFirstClass1 -->
